2018-11-11 18:48:11,636 - Streetview_Module - INFO - Streetview Module Initialized
2018-11-11 18:48:14,216 - Streetview_Module - INFO - Kwargs: OrderedDict([('size', '600x400'), ('location', '43.6564436, -79.3810598'), ('heading', '0'), ('source', 'outdoor')])
2018-11-11 18:48:14,216 - Streetview_Module - INFO - Sending image metadata request: https://maps.googleapis.com/maps/api/streetview/metadata?size=600x400&location=43.6564436, -79.3810598&heading=0&source=outdoor&key=AIzaSyCkJ1m-ymoFC7hQYdTlROa0bLfiT-EqW9Y
2018-11-11 18:48:14,626 - Streetview_Module - DEBUG - Response: {
   "copyright" : "© Google, Inc.",
   "date" : "2018-08",
   "location" : {
      "lat" : 43.65644855717614,
      "lng" : -79.38095661059006
   },
   "pano_id" : "Rf3dka-HcqrpDunJ-cEgbg",
   "status" : "OK"
}

2018-11-11 18:48:14,627 - Streetview_Module - INFO - Sending image request: https://maps.googleapis.com/maps/api/streetview?size=600x400&location=43.6564436, -79.3810598&heading=0&source=outdoor&key=AIzaSyCkJ1m-ymoFC7hQYdTlROa0bLfiT-EqW9Y
2018-11-11 18:48:15,014 - Streetview_Module - INFO - Kwargs: OrderedDict([('size', '600x400'), ('location', '43.6564436, -79.3810598'), ('heading', '90'), ('source', 'outdoor')])
2018-11-11 18:48:15,015 - Streetview_Module - INFO - Sending image metadata request: https://maps.googleapis.com/maps/api/streetview/metadata?size=600x400&location=43.6564436, -79.3810598&heading=90&source=outdoor&key=AIzaSyCkJ1m-ymoFC7hQYdTlROa0bLfiT-EqW9Y
2018-11-11 18:48:15,197 - Streetview_Module - DEBUG - Response: {
   "copyright" : "© Google, Inc.",
   "date" : "2018-08",
   "location" : {
      "lat" : 43.65644855717614,
      "lng" : -79.38095661059006
   },
   "pano_id" : "Rf3dka-HcqrpDunJ-cEgbg",
   "status" : "OK"
}

2018-11-11 18:48:15,197 - Streetview_Module - INFO - Sending image request: https://maps.googleapis.com/maps/api/streetview?size=600x400&location=43.6564436, -79.3810598&heading=90&source=outdoor&key=AIzaSyCkJ1m-ymoFC7hQYdTlROa0bLfiT-EqW9Y
2018-11-11 18:48:15,503 - Streetview_Module - INFO - Kwargs: OrderedDict([('size', '600x400'), ('location', '43.6564436, -79.3810598'), ('heading', '180'), ('source', 'outdoor')])
2018-11-11 18:48:15,503 - Streetview_Module - INFO - Sending image metadata request: https://maps.googleapis.com/maps/api/streetview/metadata?size=600x400&location=43.6564436, -79.3810598&heading=180&source=outdoor&key=AIzaSyCkJ1m-ymoFC7hQYdTlROa0bLfiT-EqW9Y
2018-11-11 18:48:15,705 - Streetview_Module - DEBUG - Response: {
   "copyright" : "© Google, Inc.",
   "date" : "2018-08",
   "location" : {
      "lat" : 43.65644855717614,
      "lng" : -79.38095661059006
   },
   "pano_id" : "Rf3dka-HcqrpDunJ-cEgbg",
   "status" : "OK"
}

2018-11-11 18:48:15,705 - Streetview_Module - INFO - Sending image request: https://maps.googleapis.com/maps/api/streetview?size=600x400&location=43.6564436, -79.3810598&heading=180&source=outdoor&key=AIzaSyCkJ1m-ymoFC7hQYdTlROa0bLfiT-EqW9Y
2018-11-11 18:48:16,012 - Streetview_Module - INFO - Kwargs: OrderedDict([('size', '600x400'), ('location', '43.6564436, -79.3810598'), ('heading', '270'), ('source', 'outdoor')])
2018-11-11 18:48:16,012 - Streetview_Module - INFO - Sending image metadata request: https://maps.googleapis.com/maps/api/streetview/metadata?size=600x400&location=43.6564436, -79.3810598&heading=270&source=outdoor&key=AIzaSyCkJ1m-ymoFC7hQYdTlROa0bLfiT-EqW9Y
2018-11-11 18:48:16,190 - Streetview_Module - DEBUG - Response: {
   "copyright" : "© Google, Inc.",
   "date" : "2018-08",
   "location" : {
      "lat" : 43.65644855717614,
      "lng" : -79.38095661059006
   },
   "pano_id" : "Rf3dka-HcqrpDunJ-cEgbg",
   "status" : "OK"
}

2018-11-11 18:48:16,190 - Streetview_Module - INFO - Sending image request: https://maps.googleapis.com/maps/api/streetview?size=600x400&location=43.6564436, -79.3810598&heading=270&source=outdoor&key=AIzaSyCkJ1m-ymoFC7hQYdTlROa0bLfiT-EqW9Y
